<?xml version="1.0" encoding="UTF-8"?>
<!-- Generated by org.testng.reporters.JUnitReportReporter -->
<testsuite skipped="0" hostname="HJNZL001973" name="com.selenium.functionalTest.MinPasswordLimitRegistration" tests="1" failures="0" timestamp="2021-11-20T19:42:53 IST" time="30.800" errors="0">
  <testcase name="limitCheck" time="30.800" classname="com.selenium.functionalTest.MinPasswordLimitRegistration"/>
  <system-out/>
</testsuite> <!-- com.selenium.functionalTest.MinPasswordLimitRegistration -->
