<?xml version="1.0" encoding="UTF-8"?>
<!-- Generated by org.testng.reporters.JUnitReportReporter -->
<testsuite skipped="0" hostname="HJNZL001973" name="com.selenium.functionalTest.CompleteCutomerOrder" tests="1" failures="0" timestamp="2021-11-16T17:43:43 IST" time="24.362" errors="0">
  <testcase name="orderComplete" time="24.362" classname="com.selenium.functionalTest.CompleteCutomerOrder"/>
  <system-out/>
</testsuite> <!-- com.selenium.functionalTest.CompleteCutomerOrder -->
