<?xml version="1.0" encoding="UTF-8"?>
<!-- Generated by org.testng.reporters.JUnitReportReporter -->
<testsuite skipped="0" hostname="HJNZL001973" name="com.selenium.pom.PomTest" tests="1" failures="0" timestamp="2021-11-22T11:03:19 IST" time="16.524" errors="0">
  <testcase name="searchAndLogin" time="16.524" classname="com.selenium.pom.PomTest"/>
  <system-out/>
</testsuite> <!-- com.selenium.pom.PomTest -->
