<?xml version="1.0" encoding="UTF-8"?>
<!-- Generated by org.testng.reporters.JUnitReportReporter -->
<testsuite skipped="0" hostname="HJNZL001973" name="com.selenium.ddt.DDT" tests="1" failures="0" timestamp="2021-11-21T18:18:00 IST" time="48.581" errors="0">
  <testcase name="feedingDataWithCSV" time="48.581" classname="com.selenium.ddt.DDT"/>
  <system-out/>
</testsuite> <!-- com.selenium.ddt.DDT -->
