<?xml version="1.0" encoding="UTF-8"?>
<!-- Generated by org.testng.reporters.JUnitReportReporter -->
<testsuite skipped="0" hostname="HJNZL001973" name="com.selenium.functionalTest.UpdateRemoveCart" tests="1" failures="0" timestamp="2021-11-20T19:42:53 IST" time="70.699" errors="0">
  <testcase name="updateRemoveCart" time="70.699" classname="com.selenium.functionalTest.UpdateRemoveCart"/>
  <system-out/>
</testsuite> <!-- com.selenium.functionalTest.UpdateRemoveCart -->
