<?xml version="1.0" encoding="UTF-8"?>
<!-- Generated by org.testng.reporters.JUnitReportReporter -->
<testsuite skipped="0" hostname="HJNZL001973" name="com.selenium.functionalTest.UserInterface" tests="1" failures="0" timestamp="2021-11-20T19:42:53 IST" time="40.574" errors="0">
  <testcase name="CheckingAllUIFeatures" time="40.574" classname="com.selenium.functionalTest.UserInterface"/>
  <system-out/>
</testsuite> <!-- com.selenium.functionalTest.UserInterface -->
