<?xml version="1.0" encoding="UTF-8"?>
<!-- Generated by org.testng.reporters.JUnitReportReporter -->
<testsuite skipped="0" hostname="HJNZL001973" name="com.selenium.functionalTest.AdminLogin" tests="1" failures="0" timestamp="2021-11-20T19:42:53 IST" time="13.680" errors="0">
  <testcase name="login" time="13.680" classname="com.selenium.functionalTest.AdminLogin"/>
  <system-out/>
</testsuite> <!-- com.selenium.functionalTest.AdminLogin -->
