<?xml version="1.0" encoding="UTF-8"?>
<!-- Generated by org.testng.reporters.JUnitReportReporter -->
<testsuite skipped="0" hostname="HJNZL001973" name="com.selenium.functionalTest.EmptyFieldRegistration" tests="1" failures="0" timestamp="2021-11-20T19:42:53 IST" time="12.604" errors="0">
  <testcase name="EmptyField" time="12.604" classname="com.selenium.functionalTest.EmptyFieldRegistration"/>
  <system-out/>
</testsuite> <!-- com.selenium.functionalTest.EmptyFieldRegistration -->
