<?xml version="1.0" encoding="UTF-8"?>
<!-- Generated by org.testng.reporters.JUnitReportReporter -->
<testsuite skipped="0" hostname="HJNZL001973" name="com.selenium.functionalTest.ForgotPassword" tests="1" failures="0" timestamp="2021-11-20T19:42:53 IST" time="33.553" errors="0">
  <testcase name="forgotPassword" time="33.553" classname="com.selenium.functionalTest.ForgotPassword"/>
  <system-out/>
</testsuite> <!-- com.selenium.functionalTest.ForgotPassword -->
