<?xml version="1.0" encoding="UTF-8"?>
<!-- Generated by org.testng.reporters.JUnitReportReporter -->
<testsuite skipped="0" hostname="HJNZL001973" name="com.selenium.functionalTest.ConfirmPasswordWarning" tests="1" failures="0" timestamp="2021-11-20T19:42:53 IST" time="33.797" errors="0">
  <testcase name="checkConfirmPassword" time="33.797" classname="com.selenium.functionalTest.ConfirmPasswordWarning"/>
  <system-out/>
</testsuite> <!-- com.selenium.functionalTest.ConfirmPasswordWarning -->
