<?xml version="1.0" encoding="UTF-8"?>
<!-- Generated by org.testng.reporters.JUnitReportReporter -->
<testsuite skipped="0" hostname="HJNZL001973" name="com.selenium.functionalTest.CheckoutProduct" tests="1" failures="0" timestamp="2021-11-20T19:42:54 IST" time="100.360" errors="0">
  <testcase name="checkoutProduct" time="100.360" classname="com.selenium.functionalTest.CheckoutProduct"/>
  <system-out/>
</testsuite> <!-- com.selenium.functionalTest.CheckoutProduct -->
